[
{
  "elements": [
    {
      "keyword": "Scenario",
      "location": "features/tests/loginPageTest.feature:3",
      "name": "Login Successfully",
      "status": "passed",
      "steps": [
        {
          "keyword": "Given",
          "location": "features/tests/loginPageTest.feature:4",
          "match": {
            "arguments": [],
            "location": "features/steps/login_steps.py:4"
          },
          "name": "I open the application",
          "result": {
            "duration": 37.383118867874146,
            "status": "passed"
          },
          "step_type": "given"
        },
        {
          "keyword": "When",
          "location": "features/tests/loginPageTest.feature:5",
          "match": {
            "arguments": [],
            "location": "features/steps/login_steps.py:9"
          },
          "name": "I enter my user and password",
          "result": {
            "duration": 0.08212065696716309,
            "status": "passed"
          },
          "step_type": "when"
        },
        {
          "keyword": "Then",
          "location": "features/tests/loginPageTest.feature:6",
          "match": {
            "arguments": [],
            "location": "features/steps/login_steps.py:14"
          },
          "name": "I should see the successful login",
          "result": {
            "duration": 0.05124187469482422,
            "status": "passed"
          },
          "step_type": "then"
        }
      ],
      "tags": [],
      "type": "scenario"
    }
  ],
  "keyword": "Feature",
  "location": "features/tests/loginPageTest.feature:1",
  "name": "login for test APK",
  "status": "passed",
  "tags": []
}
]
